Arguments: 
  /usr/local/bin/node /usr/local/Cellar/yarn/1.3.2/libexec/bin/yarn.js install

PATH: 
  /usr/local/bin:/usr/bin:/bin:/usr/sbin:/sbin

Yarn version: 
  1.3.2

Node version: 
  8.9.4

Platform: 
  darwin x64

npm manifest: 
  {
    "name": "bspm-client",
    "version": "0.0.0",
    "scripts": {
      "ng": "ng",
      "start": "ng serve",
      "build": "ng build",
      "test": "ng test",
      "lint": "ng lint",
      "e2e": "ng e2e"
    },
    "private": true,
    "dependencies": {
      "@angular/animations": "^6.0.0",
      "@angular/common": "^6.0.0",
      "@angular/compiler": "^6.0.0",
      "@angular/core": "^6.0.0",
      "@angular/forms": "^6.0.0",
      "@angular/http": "^6.0.0",
      "@angular/platform-browser": "^6.0.0",
      "@angular/platform-browser-dynamic": "^6.0.0",
      "@angular/router": "^6.0.0",
      "@ngrx/effects": "^6.0.1",
      "@ngrx/store": "^6.0.1",
      "@progress/kendo-angular-buttons": "^4.1.1",
      "@progress/kendo-angular-dateinputs": "^3.4.2",
      "@progress/kendo-angular-dropdowns": "^3.0.2",
      "@progress/kendo-angular-grid": "^3.5.0",
      "@progress/kendo-angular-inputs": "^3.1.3",
      "@progress/kendo-angular-intl": "^1.4.1",
      "@progress/kendo-angular-l10n": "^1.2.0",
      "@progress/kendo-data-query": "^1.4.0",
      "@progress/kendo-drawing": "^1.5.6",
      "@progress/kendo-theme-default": "^2.54.0",
      "@zxing/ngx-scanner": "^1.1.0",
      "angularfire2": "^5.0.0-rc.11",
      "core-js": "^2.5.4",
      "firebase": "^5.1.0",
      "ngx-device-detector": "^1.3.0",
      "ngx-kjua": "^1.1.3",
      "rxjs": "^6.0.0",
      "rxjs-compat": "^6.2.1",
      "zone.js": "^0.8.26"
    },
    "devDependencies": {
      "@angular-devkit/build-angular": "~0.6.1",
      "@angular/cli": "~6.0.3",
      "@angular/compiler-cli": "^6.0.0",
      "@angular/language-service": "^6.0.0",
      "@ngrx/store-devtools": "^6.0.1",
      "@types/jasmine": "~2.8.6",
      "@types/jasminewd2": "~2.0.3",
      "@types/node": "~8.9.4",
      "codelyzer": "~4.2.1",
      "jasmine-core": "~2.99.1",
      "jasmine-spec-reporter": "~4.2.1",
      "karma": "~1.7.1",
      "karma-chrome-launcher": "~2.2.0",
      "karma-coverage-istanbul-reporter": "~1.4.2",
      "karma-jasmine": "~1.1.1",
      "karma-jasmine-html-reporter": "^0.2.2",
      "protractor": "~5.3.0",
      "ts-node": "~5.0.1",
      "tslint": "~5.9.1",
      "typescript": "~2.7.2"
    }
  }

yarn manifest: 
  No manifest

Lockfile: 
  No lockfile

Trace: 
  Error: https://registry.yarnpkg.com/@angular%2fanimations: ETIMEDOUT
      at Timeout._onTimeout (/usr/local/Cellar/yarn/1.3.2/libexec/lib/cli.js:123749:19)
      at ontimeout (timers.js:475:11)
      at tryOnTimeout (timers.js:310:5)
      at Timer.listOnTimeout (timers.js:270:5)
